This is TeX, C Version 3.14t3 (format=lplain 93.8.23)  16 NOV 1994 14:00
**TMP_images.tex
(TMP_images.tex
LaTeX Version 2.09 <7 Dec 1989>

(/tmp_mnt/home/cblelca/nikos/papers/CLTL/CLTL.sty
Document Style 'TMreport'. Version 0.91a - released 18 March 1985
(/tmp_mnt/home/cblelca/nikos/papers/CLTL/CLTL10.sty
\ruletonoteskip=\skip41
\ruletotextskip=\skip42
\thinrule=\dimen99
\c@chapter=\count79
\c@section=\count80
\c@subsection=\count81
\c@subsubsection=\count82
) (/tmp_mnt/home/cblelca/nikos/papers/CLTL/defun.tex
\@curtabmardimen=\dimen100
) (/tmp_mnt/home/cblelca/nikos/papers/CLTL/marginal.tex)
\tocindent=\dimen101
\c@figure=\count83
\c@table=\count84
)
\@indexfile=\write3
Writing index file TMP_images.idx 
\foodimen=\dimen102
\Qhyphbox=\box25
\hyphbox=\box26
(TMP_images.aux (/tmp_mnt/home/cblelca/nikos/papers/CLTL/frontmatter.aux) (/tmp
_mnt/home/cblelca/nikos/papers/CLTL/intro.aux) (/tmp_mnt/home/cblelca/nikos/pap
ers/CLTL/dtypes.aux) (/tmp_mnt/home/cblelca/nikos/papers/CLTL/scope.aux) (/tmp_
mnt/home/cblelca/nikos/papers/CLTL/dtspec.aux) (/tmp_mnt/home/cblelca/nikos/pap
ers/CLTL/progs.aux) (/tmp_mnt/home/cblelca/nikos/papers/CLTL/preds.aux) (/tmp_m
nt/home/cblelca/nikos/papers/CLTL/contrl.aux) (/tmp_mnt/home/cblelca/nikos/pape
rs/CLTL/macro.aux) (/tmp_mnt/home/cblelca/nikos/papers/CLTL/declar.aux) (/tmp_m
nt/home/cblelca/nikos/papers/CLTL/symbol.aux) (/tmp_mnt/home/cblelca/nikos/pape
rs/CLTL/xpack.aux) (/tmp_mnt/home/cblelca/nikos/papers/CLTL/number.aux) (/tmp_m
nt/home/cblelca/nikos/papers/CLTL/char.aux) (/tmp_mnt/home/cblelca/nikos/papers
/CLTL/kseque.aux) (/tmp_mnt/home/cblelca/nikos/papers/CLTL/list.aux) (/tmp_mnt/
home/cblelca/nikos/papers/CLTL/hash.aux) (/tmp_mnt/home/cblelca/nikos/papers/CL
TL/array.aux) (/tmp_mnt/home/cblelca/nikos/papers/CLTL/string.aux) (/tmp_mnt/ho
me/cblelca/nikos/papers/CLTL/struct.aux) (/tmp_mnt/home/cblelca/nikos/papers/CL
TL/eval.aux) (/tmp_mnt/home/cblelca/nikos/papers/CLTL/stream.aux) (/tmp_mnt/hom
e/cblelca/nikos/papers/CLTL/io.aux) (/tmp_mnt/home/cblelca/nikos/papers/CLTL/fi
les.aux) (/tmp_mnt/home/cblelca/nikos/papers/CLTL/xerror.aux) (/tmp_mnt/home/cb
lelca/nikos/papers/CLTL/misc.aux) (/tmp_mnt/home/cblelca/nikos/papers/CLTL/loop
.aux) (/tmp_mnt/home/cblelca/nikos/papers/CLTL/pprint.aux) (/tmp_mnt/home/cblel
ca/nikos/papers/CLTL/clos.aux) (/tmp_mnt/home/cblelca/nikos/papers/CLTL/conditi
on.aux) (/tmp_mnt/home/cblelca/nikos/papers/CLTL/series.aux) (/tmp_mnt/home/cbl
elca/nikos/papers/CLTL/generators.aux) (/tmp_mnt/home/cblelca/nikos/papers/CLTL
/backq.aux) (/tmp_mnt/home/cblelca/nikos/papers/CLTL/bib.aux) (/tmp_mnt/home/cb
lelca/nikos/papers/CLTL/issues.aux)) [1


] [2

] [3

] [4] [5] [6

] [7

] [8

] [9

] [10

] [11

] [12

] [13

] [14

] [15

] [16

] [17

] [18

] [19

] [20] [21

] [22

] [23

] [24

] [25

] [26

] [27

] [28

] [29

] [30

] [31] [32

] [33

] [34

] [35

] [36]
Overfull \hbox (10.00002pt too wide) in paragraph at lines 549--562
[][]

\hbox(66.3252+61.3252)x336.0
.\hbox(0.0+0.0)x10.00002
.\hbox(66.3252+61.3252)x336.0
..\mathon
..\vbox(66.3252+61.3252)x336.0
...\hbox(9.625+4.12505)x336.0, glue set 13.5971fill []
...\rule(0.4+0.0)x336.0
...\glue -0.4
...\glue 3.49998
...\hbox(0.0+0.0)x0.0
...etc.
..\mathoff
.\glue(\rightskip) 0.0


Underfull \hbox (badness 10000) in paragraph at lines 549--562


\hbox(0.0+0.0)x336.0
.\glue(\rightskip) 0.0

[37

] [38

] [39

]
Overfull \hbox (10.00002pt too wide) in paragraph at lines 587--596
[][]

\hbox(31.95009+26.95007)x336.0
.\hbox(0.0+0.0)x10.00002
.\hbox(31.95009+26.95007)x336.0
..\mathon
..\vbox(31.95009+26.95007)x336.0
...\hbox(9.625+4.12505)x336.0, glue set 2.32625fill []
...\rule(0.4+0.0)x336.0
...\glue -0.4
...\glue 3.49998
...\hbox(0.0+0.0)x0.0
...etc.
..\mathoff
.\glue(\rightskip) 0.0


Underfull \hbox (badness 10000) in paragraph at lines 587--596


\hbox(0.0+0.0)x336.0
.\glue(\rightskip) 0.0

[40

] [41

] [42

] [43

] [44

] [45] [46

] [47

] [48] [49] [50] [51] [52] [53] [54] [55

] [56

] [57

] [58

] [59

] [60

] [61

] [62

] [63

] [64

] [65

] [66

] [67

]
Overfull \hbox (10.00002pt too wide) in paragraph at lines 1068--1083
[][]

\hbox(73.20023+68.20021)x336.0
.\hbox(0.0+0.0)x10.00002
.\hbox(73.20023+68.20021)x336.0
..\mathon
..\vbox(73.20023+68.20021)x336.0
...\hbox(9.625+4.12505)x336.0, glue set 16.5615fill []
...\rule(0.4+0.0)x336.0
...\glue -0.4
...\glue 3.49998
...\hbox(0.0+0.0)x0.0
...etc.
..\mathoff
.\glue(\rightskip) 0.0


Underfull \hbox (badness 10000) in paragraph at lines 1068--1083


\hbox(0.0+0.0)x336.0
.\glue(\rightskip) 0.0

[68

]
Overfull \hbox (10.00002pt too wide) in paragraph at lines 1086--1106
[][]

\hbox(107.57533+102.57533)x336.0
.\hbox(0.0+0.0)x10.00002
.\hbox(107.57533+102.57533)x336.0
..\mathon
..\vbox(107.57533+102.57533)x336.0
...\hbox(9.625+4.12505)x336.0, glue set 14.56474fill []
...\rule(0.4+0.0)x336.0
...\glue -0.4
...\glue 3.49998
...\hbox(0.0+0.0)x0.0
...etc.
..\mathoff
.\glue(\rightskip) 0.0


Underfull \hbox (badness 10000) in paragraph at lines 1086--1106


\hbox(0.0+0.0)x336.0
.\glue(\rightskip) 0.0

[69

] [70

] [71

] [72

] [73

] [74

] [75

] [76

] [77

] [78

] [79

] [80

] [81

] [82

] [83

] [84

] [85

] [86

] [87

] [88

] [89

] [90

] [91

] [92

] [93

] [94

] [95

] [96

] [97

] [98

] [99

] [100

] [101

] [102

] [103

] [104

] [105

]
Overfull \hbox (10.00002pt too wide) in paragraph at lines 1290--1296
[][]

\hbox(23.12508+18.12506)x336.0
.\hbox(0.0+0.0)x10.00002
.\hbox(23.12508+18.12506)x336.0
..\mathon
..\vbox(23.12508+18.12506)x336.0
...\hbox(9.625+4.12505)x336.0, glue set 31.59546fill []
...\glue(\lineskip) 0.0
...\hbox(9.625+4.12505)x336.0, glue set 31.59546fill []
...\glue(\lineskip) 0.0
...\hbox(9.625+4.12505)x336.0, glue set 31.59546fill []
..\mathoff
.\glue(\rightskip) 0.0


Underfull \hbox (badness 10000) in paragraph at lines 1290--1296


\hbox(0.0+0.0)x336.0
.\glue(\rightskip) 0.0

[106

] [107

] [108

] [109

] [110

] [111

] [112

] [113

] [114

] [115

] [116

] [117

] [118

] [119

] [120

] [121

] [122

] [123

]
Overfull \vbox (17.54999pt too high) detected at line 1396

\vbox(500.0+0.0)x336.0, glue set - 1.0
.\rule(0.4+0.0)x*
.\glue 20.0
.\glue -11.0
.\hbox(0.0+0.0)x0.0
.\glue(\lineskip) 1.0
.etc.

[124]
Overfull \vbox (18.04999pt too high) detected at line 1424

\vbox(500.0+0.0)x336.0, glue set - 1.0
.\rule(0.4+0.0)x*
.\glue 20.0
.\glue -11.0
.\hbox(0.0+0.0)x0.0
.\glue(\lineskip) 1.0
.etc.

[125]
Overfull \vbox (18.04999pt too high) detected at line 1449

\vbox(500.0+0.0)x336.0, glue set - 1.0
.\rule(0.4+0.0)x*
.\glue 20.0
.\glue -11.0
.\hbox(0.0+0.0)x0.0
.\glue(\lineskip) 1.0
.etc.

[126]
Overfull \vbox (17.54999pt too high) detected at line 1470

\vbox(500.0+0.0)x336.0, glue set - 1.0
.\rule(0.4+0.0)x*
.\glue 20.0
.\glue -11.0
.\hbox(0.0+0.0)x0.0
.\glue(\lineskip) 1.0
.etc.

[127]
Overfull \vbox (15.79999pt too high) detected at line 1499

\vbox(500.0+0.0)x336.0, glue set - 1.0
.\rule(0.4+0.0)x*
.\glue 20.0
.\glue -11.0
.\hbox(0.0+0.0)x0.0
.\glue(\lineskip) 1.0
.etc.

[128]
Overfull \vbox (17.54999pt too high) detected at line 1528

\vbox(500.0+0.0)x336.0, glue set - 1.0
.\rule(0.4+0.0)x*
.\glue 20.0
.\glue -11.0
.\hbox(0.0+0.0)x0.0
.\glue(\lineskip) 1.0
.etc.

[129]
Overfull \vbox (18.04999pt too high) detected at line 1552

\vbox(500.0+0.0)x336.0, glue set - 1.0
.\rule(0.4+0.0)x*
.\glue 20.0
.\glue -11.0
.\hbox(0.0+0.0)x0.0
.\glue(\lineskip) 1.0
.etc.

[130]
Overfull \vbox (18.04999pt too high) detected at line 1576

\vbox(500.0+0.0)x336.0, glue set - 1.0
.\rule(0.4+0.0)x*
.\glue 20.0
.\glue -11.0
.\hbox(0.0+0.0)x0.0
.\glue(\lineskip) 1.0
.etc.

[131]
Overfull \vbox (17.54999pt too high) detected at line 1601

\vbox(500.0+0.0)x336.0, glue set - 1.0
.\rule(0.4+0.0)x*
.\glue 20.0
.\glue -11.0
.\hbox(0.0+0.0)x0.0
.\glue(\lineskip) 1.0
.etc.

[132]
Overfull \vbox (17.54999pt too high) detected at line 1625

\vbox(500.0+0.0)x336.0, glue set - 1.0
.\rule(0.4+0.0)x*
.\glue 20.0
.\glue -11.0
.\hbox(0.0+0.0)x0.0
.\glue(\lineskip) 1.0
.etc.

[133]
Overfull \vbox (17.54999pt too high) detected at line 1654

\vbox(500.0+0.0)x336.0, glue set - 1.0
.\rule(0.4+0.0)x*
.\glue 20.0
.\glue -11.0
.\hbox(0.0+0.0)x0.0
.\glue(\lineskip) 1.0
.etc.

[134]
Overfull \vbox (18.04999pt too high) detected at line 1678

\vbox(500.0+0.0)x336.0, glue set - 1.0
.\rule(0.4+0.0)x*
.\glue 20.0
.\glue -11.0
.\hbox(0.0+0.0)x0.0
.\glue(\lineskip) 1.0
.etc.

[135]
Overfull \vbox (17.54999pt too high) detected at line 1700

\vbox(500.0+0.0)x336.0, glue set - 1.0
.\rule(0.4+0.0)x*
.\glue 20.0
.\glue -11.0
.\hbox(0.0+0.0)x0.0
.\glue(\lineskip) 1.0
.etc.

[136]
Overfull \vbox (15.79999pt too high) detected at line 1716

\vbox(500.0+0.0)x336.0, glue set - 1.0
.\rule(0.4+0.0)x*
.\glue 20.0
.\glue -11.0
.\hbox(0.0+0.0)x0.0
.\glue(\lineskip) 1.0
.etc.

[137]
Overfull \vbox (17.54999pt too high) detected at line 1734

\vbox(500.0+0.0)x336.0, glue set - 1.0
.\rule(0.4+0.0)x*
.\glue 20.0
.\glue -11.0
.\hbox(0.0+0.0)x0.0
.\glue(\lineskip) 1.0
.etc.

[138]
Overfull \vbox (17.54999pt too high) detected at line 1753

\vbox(500.0+0.0)x336.0, glue set - 1.0
.\rule(0.4+0.0)x*
.\glue 20.0
.\glue -11.0
.\hbox(0.0+0.0)x0.0
.\glue(\lineskip) 1.0
.etc.

[139]
Overfull \vbox (18.04999pt too high) detected at line 1782

\vbox(500.0+0.0)x336.0, glue set - 1.0
.\rule(0.4+0.0)x*
.\glue 20.0
.\glue -11.0
.\hbox(0.0+0.0)x0.0
.\glue(\lineskip) 1.0
.etc.

[140]
Overfull \vbox (17.54999pt too high) detected at line 1796

\vbox(500.0+0.0)x336.0, glue set - 1.0
.\rule(0.4+0.0)x*
.\glue 20.0
.\glue -11.0
.\hbox(0.0+0.0)x0.0
.\glue(\lineskip) 1.0
.etc.

[141]
Overfull \vbox (19.10007pt too high) detected at line 1823

\vbox(500.0+0.0)x336.0, glue set - 1.0
.\rule(0.4+0.0)x*
.\glue 20.0
.\glue -11.0
.\hbox(0.0+0.0)x0.0
.\glue(\lineskip) 1.0
.etc.

[142]
Overfull \vbox (18.04999pt too high) detected at line 1850

\vbox(500.0+0.0)x336.0, glue set - 1.0
.\rule(0.4+0.0)x*
.\glue 20.0
.\glue -11.0
.\hbox(0.0+0.0)x0.0
.\glue(\lineskip) 1.0
.etc.

[143] [144

] [145

] [146

] [147

] [148

] [149

] [150

] [151

] [152

] [153

] [154

] [155

] [156

] [157

] [158

] [159

] [160

] [161

] [162

] [163

] [164

] [165]
Overfull \hbox (10.00002pt too wide) in paragraph at lines 2026--2036
[][]

\hbox(50.62517+45.62515)x336.0
.\hbox(0.0+0.0)x10.00002
.\hbox(50.62517+45.62515)x336.0
..\mathon
..\vbox(50.62517+45.62515)x336.0
...\hbox(9.625+4.12505)x336.0, glue set 35.88876fill []
...\glue(\lineskip) 0.0
...\hbox(9.625+4.12505)x336.0, glue set 35.88876fill []
...\glue(\lineskip) 0.0
...\hbox(9.625+4.12505)x336.0, glue set 35.88876fill []
...etc.
..\mathoff
.\glue(\rightskip) 0.0


Underfull \hbox (badness 10000) in paragraph at lines 2026--2036


\hbox(0.0+0.0)x336.0
.\glue(\rightskip) 0.0

[166

] [167

] [168

] [169

] [170

]
Overfull \hbox (10.00002pt too wide) in paragraph at lines 2079--2096
[][]

\hbox(86.95027+81.95026)x336.0
.\hbox(0.0+0.0)x10.00002
.\hbox(86.95027+81.95026)x336.0
..\mathon
..\vbox(86.95027+81.95026)x336.0
...\hbox(9.625+4.12505)x336.0, glue set 1.00792fill []
...\glue(\lineskip) 0.0
...\hbox(9.625+4.12505)x336.0, glue set 1.00792fill []
...\rule(0.4+0.0)x336.0
...\glue -0.4
...etc.
..\mathoff
.\glue(\rightskip) 0.0


Underfull \hbox (badness 10000) in paragraph at lines 2079--2096


\hbox(0.0+0.0)x336.0
.\glue(\rightskip) 0.0

[171

]
Overfull \hbox (10.00002pt too wide) in paragraph at lines 2105--2114
[][]

\hbox(43.75014+38.75014)x336.0
.\hbox(0.0+0.0)x10.00002
.\hbox(43.75014+38.75014)x336.0
..\mathon
..\vbox(43.75014+38.75014)x336.0
...\hbox(9.625+4.12505)x336.0, glue set 66.1248fill []
...\glue(\lineskip) 0.0
...\hbox(9.625+4.12505)x336.0, glue set 66.1248fill []
...\glue(\lineskip) 0.0
...\hbox(9.625+4.12505)x336.0, glue set 66.1248fill []
...etc.
..\mathoff
.\glue(\rightskip) 0.0


Underfull \hbox (badness 10000) in paragraph at lines 2105--2114


\hbox(0.0+0.0)x336.0
.\glue(\rightskip) 0.0

[172

] [173

]
Overfull \hbox (10.00002pt too wide) in paragraph at lines 2136--2142
[][]

\hbox(23.12508+18.12506)x336.0
.\hbox(0.0+0.0)x10.00002
.\hbox(23.12508+18.12506)x336.0
..\mathon
..\vbox(23.12508+18.12506)x336.0
...\hbox(9.625+4.12505)x336.0, glue set 54.8887fill []
...\glue(\lineskip) 0.0
...\hbox(9.625+4.12505)x336.0, glue set 54.8887fill []
...\glue(\lineskip) 0.0
...\hbox(9.625+4.12505)x336.0, glue set 54.8887fill []
..\mathoff
.\glue(\rightskip) 0.0


Underfull \hbox (badness 10000) in paragraph at lines 2136--2142


\hbox(0.0+0.0)x336.0
.\glue(\rightskip) 0.0

[174

]
Overfull \hbox (10.00002pt too wide) in paragraph at lines 2149--2158
[][]

\hbox(43.75014+38.75014)x336.0
.\hbox(0.0+0.0)x10.00002
.\hbox(43.75014+38.75014)x336.0
..\mathon
..\vbox(43.75014+38.75014)x336.0
...\hbox(9.625+4.12505)x336.0, glue set 16.87622fill []
...\glue(\lineskip) 0.0
...\hbox(9.625+4.12505)x336.0, glue set 16.87622fill []
...\glue(\lineskip) 0.0
...\hbox(9.625+4.12505)x336.0, glue set 16.87622fill []
...etc.
..\mathoff
.\glue(\rightskip) 0.0


Underfull \hbox (badness 10000) in paragraph at lines 2149--2158


\hbox(0.0+0.0)x336.0
.\glue(\rightskip) 0.0

[175

] [176] [177]
Overfull \vbox (39.01297pt too high) detected at line 2296

\vbox(500.0+0.0)x336.0, glue set - 1.0
.\rule(0.4+0.0)x*
.\glue 20.0
.\glue -11.0
.\hbox(0.0+0.0)x0.0
.\write1{\@writefile{lot}{\string\contentsline\space {table}{\string\numberlin\
ETC.}
.etc.

[178]
Overfull \vbox (34.402pt too high) detected at line 2358

\vbox(500.0+0.0)x336.0, glue set - 1.0
.\rule(0.4+0.0)x*
.\glue 20.0
.\glue -11.0
.\hbox(0.0+0.0)x0.0
.\write1{\@writefile{lot}{\string\contentsline\space {table}{\string\numberlin\
ETC.}
.etc.

[179] [180

] [181] [182

] [183

] [184]
Underfull \hbox (badness 1668) in paragraph at lines 2491--2500
\ninrm * X3J13 voted in June 1989 $\ninsy h$\ninrm 139$\ninsy i$ \ninrm to in-t
ro-duce the printer con-trol vari-

\hbox(6.75+2.25)x336.0, glue set 2.55864
.\ninrm *
.\glue 3.08331 plus 1.54166 minus 1.02777
.\ninrm X
.\ninrm 3
.\ninrm J
.etc.

[185] [186

] [187

] [188

] [189

] [190

] [191

] [192

] [193

] [194

] [195]
Overfull \hbox (10.00002pt too wide) in paragraph at lines 2602--2629
[][]

\hbox(150.12514+145.12514)x336.0
.\hbox(0.0+0.0)x10.00002
.\hbox(150.12514+145.12514)x336.0
..\mathon
..\vbox(150.12514+145.12514)x336.0
...\hbox(9.625+4.12505)x336.0, glue set 8.15042fill []
...\glue(\lineskip) 0.0
...\hbox(9.625+91.25003)x336.0, glue set 8.15042fill []
...\glue(\lineskip) 0.0
...\hbox(9.625+16.25003)x336.0, glue set 8.15042fill []
...etc.
..\mathoff
.\glue(\rightskip) 0.0


Underfull \hbox (badness 10000) in paragraph at lines 2602--2629


\hbox(0.0+0.0)x336.0
.\glue(\rightskip) 0.0

[196

]
Overfull \hbox (10.00002pt too wide) in paragraph at lines 2642--2655
[][]

\hbox(71.25023+66.25023)x336.0
.\hbox(0.0+0.0)x10.00002
.\hbox(71.25023+66.25023)x336.0
..\mathon
..\vbox(71.25023+66.25023)x336.0
...\hbox(9.625+4.12505)x336.0, glue set 6.37631fill []
...\glue(\lineskip) 0.0
...\hbox(9.625+4.12505)x336.0, glue set 6.37631fill []
...\glue(\lineskip) 0.0
...\hbox(9.625+4.12505)x336.0, glue set 6.37631fill []
...etc.
..\mathoff
.\glue(\rightskip) 0.0


Underfull \hbox (badness 10000) in paragraph at lines 2642--2655


\hbox(0.0+0.0)x336.0
.\glue(\rightskip) 0.0

[197

]
Overfull \hbox (10.00002pt too wide) in paragraph at lines 2659--2667
[][]

\hbox(36.87512+31.8751)x336.0
.\hbox(0.0+0.0)x10.00002
.\hbox(36.87512+31.8751)x336.0
..\mathon
..\vbox(36.87512+31.8751)x336.0
...\hbox(9.625+4.12505)x336.0, glue set 30.75114fill []
...\glue(\lineskip) 0.0
...\hbox(9.625+4.12505)x336.0, glue set 30.75114fill []
...\glue(\lineskip) 0.0
...\hbox(9.625+4.12505)x336.0, glue set 30.75114fill []
...etc.
..\mathoff
.\glue(\rightskip) 0.0


Underfull \hbox (badness 10000) in paragraph at lines 2659--2667


\hbox(0.0+0.0)x336.0
.\glue(\rightskip) 0.0

[198

]
Overfull \hbox (10.00002pt too wide) in paragraph at lines 2673--2681
[][]

\hbox(36.87512+31.8751)x336.0
.\hbox(0.0+0.0)x10.00002
.\hbox(36.87512+31.8751)x336.0
..\mathon
..\vbox(36.87512+31.8751)x336.0
...\hbox(9.625+4.12505)x336.0, glue set 14.25124fill []
...\glue(\lineskip) 0.0
...\hbox(9.625+4.12505)x336.0, glue set 14.25124fill []
...\glue(\lineskip) 0.0
...\hbox(9.625+4.12505)x336.0, glue set 14.25124fill []
...etc.
..\mathoff
.\glue(\rightskip) 0.0


Underfull \hbox (badness 10000) in paragraph at lines 2673--2681


\hbox(0.0+0.0)x336.0
.\glue(\rightskip) 0.0

[199

]
Overfull \hbox (10.00002pt too wide) in paragraph at lines 2684--2691
[][]

\hbox(30.00009+25.00009)x336.0
.\hbox(0.0+0.0)x10.00002
.\hbox(30.00009+25.00009)x336.0
..\mathon
..\vbox(30.00009+25.00009)x336.0
...\hbox(9.625+4.12505)x336.0, glue set 17.85088fill []
...\glue(\lineskip) 0.0
...\hbox(9.625+4.12505)x336.0, glue set 17.85088fill []
...\glue(\lineskip) 0.0
...\hbox(9.625+4.12505)x336.0, glue set 17.85088fill []
...etc.
..\mathoff
.\glue(\rightskip) 0.0


Underfull \hbox (badness 10000) in paragraph at lines 2684--2691


\hbox(0.0+0.0)x336.0
.\glue(\rightskip) 0.0

[200

]
Overfull \hbox (10.00002pt too wide) in paragraph at lines 2694--2701
[][]

\hbox(30.00009+25.00009)x336.0
.\hbox(0.0+0.0)x10.00002
.\hbox(30.00009+25.00009)x336.0
..\mathon
..\vbox(30.00009+25.00009)x336.0
...\hbox(9.625+4.12505)x336.0, glue set 66.75224fill []
...\glue(\lineskip) 0.0
...\hbox(9.625+4.12505)x336.0, glue set 66.75224fill []
...\glue(\lineskip) 0.0
...\hbox(9.625+4.12505)x336.0, glue set 66.75224fill []
...etc.
..\mathoff
.\glue(\rightskip) 0.0


Underfull \hbox (badness 10000) in paragraph at lines 2694--2701


\hbox(0.0+0.0)x336.0
.\glue(\rightskip) 0.0

[201

] [202

] [203

] [204

] [205

] [206] [207

] [208

] [209

] [210

] [211

] [212

] [213

] [214

] [215

] [216

] [217

] [218

] [219

] [220] [221

] [222

] [223

] [224

] [225

] [226

] [227

] [228

] [229

] [230

] [231

] [232

] [233

] [234

] [235

] [236

] [237

]
Underfull \hbox (badness 10000) in paragraph at lines 3007--3030
[]$\tenit R \tenrm = \tensy f\tenrm ([]\tentt pie\tenmi ; []\tentt apple\tenrm 
)\tenmi ; \tenrm ([]\tentt apple\tenmi ; []\tentt cinnamon\tenrm )\tenmi ; \ten
rm ([]\tentt cinnamon\tenmi ; []\tentt standard[]object\tenrm )\tenmi ;

\hbox(7.5+2.5)x336.0, glue set 4.66287
.\hbox(0.0+0.0)x10.00002
.\mathon
.\tenit R
.\kern0.38681
.\glue(\thickmuskip) 2.77771 plus 2.77771
.etc.


Underfull \hbox (badness 10000) in paragraph at lines 3007--3030
\tenrm ([]\tentt apple\tenmi ; []\tentt fruit\tenrm )\tenmi ; \tenrm ([]\tentt 
fruit\tenmi ; []\tentt standard[]object\tenrm )\tenmi ; \tenrm ([]\tentt cinnam
on\tenmi ; []\tentt spice\tenrm )\tenmi ; \tenrm ([]\tentt spice\tenmi ;

\hbox(7.5+2.5)x336.0
.\tenrm (
.\hbox(0.0+0.0)x0.0
.\tentt a
.\tentt p
.\tentt p
.etc.


Underfull \hbox (badness 10000) in paragraph at lines 3007--3030
[]\tentt standard[]object\tenrm )\tenmi ; \tenrm ([]\tentt fruit\tenmi ; []\ten
tt food\tenrm )\tenmi ; \tenrm ([]\tentt food\tenmi ; []\tentt standard[]object
\tenrm )\tenmi ; \tenrm ([]\tentt spice\tenmi ; []\tentt food\tenrm )\tenmi ;

\hbox(7.5+2.5)x336.0
.\hbox(0.0+0.0)x0.0
.\tentt s
.\tentt t
.\tentt a
.\tentt n
.etc.

[238

] [239

] [240

] [241

] [242

]
Underfull \hbox (badness 2126) in paragraph at lines 3062--3084
[]$\tenit R \tenrm = \tensy f\tenrm ([]\tentt apple\tenmi ; []\tentt cinnamon\t
enrm )\tenmi ; \tenrm ([]\tentt cinnamon\tenmi ; []\tentt standard[]object\tenr
m )\tenmi ; \tenrm ([]\tentt apple\tenmi ; []\tentt fruit\tenrm )\tenmi ;

\hbox(7.5+2.5)x336.0, glue set 2.77284
.\hbox(0.0+0.0)x10.00002
.\mathon
.\tenit R
.\kern0.38681
.\glue(\thickmuskip) 2.77771 plus 2.77771
.etc.


Underfull \hbox (badness 10000) in paragraph at lines 3062--3084
\tenrm ([]\tentt fruit\tenmi ; []\tentt standard[]object\tenrm )\tenmi ; \tenrm
 ([]\tentt cinnamon\tenmi ; []\tentt spice\tenrm )\tenmi ; \tenrm ([]\tentt spi
ce\tenmi ; []\tentt standard[]object\tenrm )\tenmi ;

\hbox(7.5+2.5)x336.0
.\tenrm (
.\hbox(0.0+0.0)x0.0
.\tentt f
.\tentt r
.\tentt u
.etc.


Underfull \hbox (badness 10000) in paragraph at lines 3062--3084
\tenrm ([]\tentt fruit\tenmi ; []\tentt food\tenrm )\tenmi ; \tenrm ([]\tentt f
ood\tenmi ; []\tentt standard[]object\tenrm )\tenmi ; \tenrm ([]\tentt spice\te
nmi ; []\tentt food\tenrm )\tenmi ; \tenrm ([]\tentt standard[]object\tenmi ;

\hbox(7.5+2.5)x336.0
.\tenrm (
.\hbox(0.0+0.0)x0.0
.\tentt f
.\tentt r
.\tentt u
.etc.

[243

] [244

]
Underfull \hbox (badness 10000) in paragraph at lines 3097--3114
[]\tentt spice\tenrm )\tenmi ; \tenrm ([]\tentt spice\tenmi ; []\tentt standard
[]object\tenrm )\tenmi ; \tenrm ([]\tentt fruit\tenmi ; []\tentt food\tenrm )\t
enmi ; \tenrm ([]\tentt food\tenmi ; []\tentt standard[]object\tenrm )\tenmi ;

\hbox(7.5+2.5)x336.0
.\hbox(0.0+0.0)x0.0
.\tentt s
.\tentt p
.\tentt i
.\tentt c
.etc.

[245

] [246

] [247

] [248

] [249

] [250

] [251

] [252

] [253

] [254

] [255

] [256

] [257

] [258

] [259

] [260

] [261

] [262

] [263

] [264

] [265

] [266

] [267

] [268

] [269

] [270

]
Overfull \hbox (10.00002pt too wide) in paragraph at lines 3289--3300
[][]

\hbox(45.70013+40.70012)x336.0
.\hbox(0.0+0.0)x10.00002
.\hbox(45.70013+40.70012)x336.0
..\mathon
..\vbox(45.70013+40.70012)x336.0
...\hbox(9.625+4.12505)x336.0, glue set 18.86418fill []
...\glue(\lineskip) 0.0
...\hbox(9.625+4.12505)x336.0, glue set 18.86418fill []
...\rule(0.4+0.0)x336.0
...\glue -0.4
...etc.
..\mathoff
.\glue(\rightskip) 0.0


Underfull \hbox (badness 10000) in paragraph at lines 3289--3300


\hbox(0.0+0.0)x336.0
.\glue(\rightskip) 0.0

[271

] [272

] [273

] [274

] [275

] [276

] [277

] [278

] [279

] [280

] [281

] [282

] [283

] [284

] [285

] [286

] [287

] [288

] [289

] [290

] [291

] [292

] [293

] [294

] [295

] [296

] [297] [298

] [299

] [300

] [301

] [302

] [303

] [304

] [305

] [306

] [307

] [308

] [309

] [310

] [311

] [312

] [313

] [314

] [315

] [316] [317

] [318

] [319

] (TMP_images.aux)
LaTeX Warning: Label(s) may have changed. Rerun to get cross-references right.
 ) 
Here is how much of TeX's memory you used:
 888 strings out of 4463
 14373 string characters out of 63241
 50674 words of memory out of 262141
 2656 multiletter control sequences out of 9500
 18996 words of font info for 72 fonts, out of 72000 for 255
 14 hyphenation exceptions out of 607
 13i,11n,15p,298b,550s stack positions out of 300i,40n,60p,3000b,4000s

Output written on TMP_images.dvi (319 pages, 111392 bytes).
